[debug] [2022-07-15T07:50:33.181Z] ----------------------------------------------------------------------
[debug] [2022-07-15T07:50:33.184Z] Command:       C:\Program Files\nodejs\node.exe C:\Users\asus\AppData\Roaming\npm\node_modules\firebase-tools\lib\bin\firebase.js init
[debug] [2022-07-15T07:50:33.185Z] CLI Version:   11.2.2
[debug] [2022-07-15T07:50:33.185Z] Platform:      win32
[debug] [2022-07-15T07:50:33.186Z] Node Version:  v16.15.0
[debug] [2022-07-15T07:50:33.186Z] Time:          Fri Jul 15 2022 14:50:33 GMT+0700 (Western Indonesia Time)
[debug] [2022-07-15T07:50:33.187Z] ----------------------------------------------------------------------
[debug] 
[debug] [2022-07-15T07:50:33.202Z] > command requires scopes: ["email","openid","https://www.googleapis.com/auth/cloudplatformprojects.readonly","https://www.googleapis.com/auth/firebase","https://www.googleapis.com/auth/cloud-platform"]
[debug] [2022-07-15T07:50:33.204Z] > authorizing via signed-in user (prabow14@gmail.com)
[info] 
     ######## #### ########  ######## ########     ###     ######  ########
     ##        ##  ##     ## ##       ##     ##  ##   ##  ##       ##
     ######    ##  ########  ######   ########  #########  ######  ######
     ##        ##  ##    ##  ##       ##     ## ##     ##       ## ##
     ##       #### ##     ## ######## ########  ##     ##  ######  ########

You're about to initialize a Firebase project in this directory:

  E:\p\Bitri_Recipe_FrontEnd

[info] 
=== Project Setup
[info] 
[info] First, let's associate this project directory with a Firebase project.
[info] You can create multiple project aliases by running firebase use --add, 
[info] but for now we'll just set up a default project.
[info] 
[debug] [2022-07-15T07:51:56.226Z] >>> [apiv2][query] GET https://firebase.googleapis.com/v1beta1/projects pageSize=100
[debug] [2022-07-15T07:51:57.051Z] <<< [apiv2][status] GET https://firebase.googleapis.com/v1beta1/projects 200
[debug] [2022-07-15T07:51:57.051Z] <<< [apiv2][body] GET https://firebase.googleapis.com/v1beta1/projects [omitted]
[info] i  Using project bitri-recipe (bitri-recipe) 
[info] 
=== Database Setup
[info] i  database: ensuring required API firebasedatabase.googleapis.com is enabled... 
[debug] [2022-07-15T07:52:01.492Z] >>> [apiv2][query] GET https://serviceusage.googleapis.com/v1/projects/bitri-recipe/services/firebasedatabase.googleapis.com [none]
[debug] [2022-07-15T07:52:03.050Z] <<< [apiv2][status] GET https://serviceusage.googleapis.com/v1/projects/bitri-recipe/services/firebasedatabase.googleapis.com 200
[debug] [2022-07-15T07:52:03.050Z] <<< [apiv2][body] GET https://serviceusage.googleapis.com/v1/projects/bitri-recipe/services/firebasedatabase.googleapis.com [omitted]
[warn] !  database: missing required API firebasedatabase.googleapis.com. Enabling now... 
[debug] [2022-07-15T07:52:03.051Z] >>> [apiv2][query] POST https://serviceusage.googleapis.com/v1/projects/bitri-recipe/services/firebasedatabase.googleapis.com:enable [none]
[debug] [2022-07-15T07:52:04.640Z] <<< [apiv2][status] POST https://serviceusage.googleapis.com/v1/projects/bitri-recipe/services/firebasedatabase.googleapis.com:enable 200
[debug] [2022-07-15T07:52:04.640Z] <<< [apiv2][body] POST https://serviceusage.googleapis.com/v1/projects/bitri-recipe/services/firebasedatabase.googleapis.com:enable [omitted]
[debug] [2022-07-15T07:52:14.644Z] >>> [apiv2][query] GET https://serviceusage.googleapis.com/v1/projects/bitri-recipe/services/firebasedatabase.googleapis.com [none]
[debug] [2022-07-15T07:52:16.128Z] <<< [apiv2][status] GET https://serviceusage.googleapis.com/v1/projects/bitri-recipe/services/firebasedatabase.googleapis.com 200
[debug] [2022-07-15T07:52:16.128Z] <<< [apiv2][body] GET https://serviceusage.googleapis.com/v1/projects/bitri-recipe/services/firebasedatabase.googleapis.com [omitted]
[info] +  database: required API firebasedatabase.googleapis.com is enabled 
[info] 
[debug] [2022-07-15T07:52:16.135Z] >>> [apiv2][query] GET https://firebase.googleapis.com/v1beta1/projects/bitri-recipe [none]
[debug] [2022-07-15T07:52:16.507Z] <<< [apiv2][status] GET https://firebase.googleapis.com/v1beta1/projects/bitri-recipe 200
[debug] [2022-07-15T07:52:16.507Z] <<< [apiv2][body] GET https://firebase.googleapis.com/v1beta1/projects/bitri-recipe {"projectId":"bitri-recipe","projectNumber":"34488338397","displayName":"bitri-recipe","name":"projects/bitri-recipe","resources":{"hostingSite":"bitri-recipe"},"state":"ACTIVE"}
[debug] [2022-07-15T07:52:32.982Z] >>> [apiv2][query] POST https://firebasedatabase.googleapis.com/v1beta/projects/bitri-recipe/locations/asia-southeast1/instances databaseId=bitri-recipe-default-rtdb&validateOnly=true
[debug] [2022-07-15T07:52:32.982Z] >>> [apiv2][body] POST https://firebasedatabase.googleapis.com/v1beta/projects/bitri-recipe/locations/asia-southeast1/instances {"type":"default_database"}
[debug] [2022-07-15T07:52:34.044Z] <<< [apiv2][status] POST https://firebasedatabase.googleapis.com/v1beta/projects/bitri-recipe/locations/asia-southeast1/instances 200
[debug] [2022-07-15T07:52:34.044Z] <<< [apiv2][body] POST https://firebasedatabase.googleapis.com/v1beta/projects/bitri-recipe/locations/asia-southeast1/instances {"name":"projects/34488338397/locations/asia-southeast1/instances/bitri-recipe-default-rtdb","project":"projects/34488338397","databaseUrl":"https://bitri-recipe-default-rtdb.asia-southeast1.firebasedatabase.app","type":"DEFAULT_DATABASE","state":"ACTIVE"}
[debug] [2022-07-15T07:52:34.047Z] >>> [apiv2][query] POST https://firebasedatabase.googleapis.com/v1beta/projects/bitri-recipe/locations/asia-southeast1/instances databaseId=bitri-recipe-default-rtdb
[debug] [2022-07-15T07:52:34.047Z] >>> [apiv2][body] POST https://firebasedatabase.googleapis.com/v1beta/projects/bitri-recipe/locations/asia-southeast1/instances {"type":"default_database"}
[debug] [2022-07-15T07:52:35.442Z] <<< [apiv2][status] POST https://firebasedatabase.googleapis.com/v1beta/projects/bitri-recipe/locations/asia-southeast1/instances 200
[debug] [2022-07-15T07:52:35.442Z] <<< [apiv2][body] POST https://firebasedatabase.googleapis.com/v1beta/projects/bitri-recipe/locations/asia-southeast1/instances {"name":"projects/34488338397/locations/asia-southeast1/instances/bitri-recipe-default-rtdb","project":"projects/34488338397","databaseUrl":"https://bitri-recipe-default-rtdb.asia-southeast1.firebasedatabase.app","type":"DEFAULT_DATABASE","state":"ACTIVE"}
[info] 
[info] Firebase Realtime Database Security Rules allow you to define how your data should be
[info] structured and when your data can be read from and written to.
[info] 
[debug] [2022-07-15T07:54:46.193Z] >>> [apiv2][query] GET https://bitri-recipe-default-rtdb.asia-southeast1.firebasedatabase.app/.settings/rules.json [none]
[debug] [2022-07-15T07:54:48.072Z] <<< [apiv2][status] GET https://bitri-recipe-default-rtdb.asia-southeast1.firebasedatabase.app/.settings/rules.json 200
[debug] [2022-07-15T07:54:48.072Z] <<< [apiv2][body] GET https://bitri-recipe-default-rtdb.asia-southeast1.firebasedatabase.app/.settings/rules.json [stream]
[info] +  Database Rules for bitri-recipe-default-rtdb have been written to databases.rules.json. 
[info] Future modifications to databases.rules.json will update Realtime Database Security Rules when you run
[info] firebase deploy.
[info] 
=== Hosting Setup
[info] 
[info] Your public directory is the folder (relative to your project directory) that
[info] will contain Hosting assets to be uploaded with firebase deploy. If you
[info] have a build process for your assets, use your build's output directory.
[info] 
